0 info it worked if it ends with ok
1 verbose cli [ '/usr/local/Cellar/node/5.6.0/bin/node',
1 verbose cli   '/Users/bilalcagiran/.npm-packages/bin/npm',
1 verbose cli   'start' ]
2 info using npm@3.10.6
3 info using node@v5.6.0
4 verbose run-script [ 'prestart', 'start', 'poststart' ]
5 info lifecycle passportauthentication@0.0.0~prestart: passportauthentication@0.0.0
6 silly lifecycle passportauthentication@0.0.0~prestart: no script for prestart, continuing
7 info lifecycle passportauthentication@0.0.0~start: passportauthentication@0.0.0
8 verbose lifecycle passportauthentication@0.0.0~start: unsafe-perm in lifecycle true
9 verbose lifecycle passportauthentication@0.0.0~start: PATH: /Users/bilalcagiran/.npm-packages/lib/node_modules/npm/bin/node-gyp-bin:/Users/bilalcagiran/Projects/Nodejs-authention-with-passport/node_modules/.bin:/usr/local/Cellar/node/5.6.0/bin:/Users/bilalcagiran/.npm-packages/bin/:/usr/local/bin:/usr/local/bin:/usr/local/sbin:~/bin:/Library/Frameworks/Python.framework/Versions/3.4/bin:/Users/bilalcagiran/google-cloud-sdk/bin:/usr/bin:/bin:/usr/sbin:/sbin:/usr/local/bin:/usr/local/git/bin:/Users/bilalcagiran/.rvm/bin
10 verbose lifecycle passportauthentication@0.0.0~start: CWD: /Users/bilalcagiran/Projects/Nodejs-authention-with-passport
11 silly lifecycle passportauthentication@0.0.0~start: Args: [ '-c', 'node ./bin/www' ]
12 silly lifecycle passportauthentication@0.0.0~start: Returned: code: 1  signal: null
13 info lifecycle passportauthentication@0.0.0~start: Failed to exec start script
14 verbose stack Error: passportauthentication@0.0.0 start: `node ./bin/www`
14 verbose stack Exit status 1
14 verbose stack     at EventEmitter.<anonymous> (/Users/bilalcagiran/.npm-packages/lib/node_modules/npm/lib/utils/lifecycle.js:255:16)
14 verbose stack     at emitTwo (events.js:100:13)
14 verbose stack     at EventEmitter.emit (events.js:185:7)
14 verbose stack     at ChildProcess.<anonymous> (/Users/bilalcagiran/.npm-packages/lib/node_modules/npm/lib/utils/spawn.js:40:14)
14 verbose stack     at emitTwo (events.js:100:13)
14 verbose stack     at ChildProcess.emit (events.js:185:7)
14 verbose stack     at maybeClose (internal/child_process.js:827:16)
14 verbose stack     at Process.ChildProcess._handle.onexit (internal/child_process.js:211:5)
15 verbose pkgid passportauthentication@0.0.0
16 verbose cwd /Users/bilalcagiran/Projects/Nodejs-authention-with-passport
17 error Darwin 15.6.0
18 error argv "/usr/local/Cellar/node/5.6.0/bin/node" "/Users/bilalcagiran/.npm-packages/bin/npm" "start"
19 error node v5.6.0
20 error npm  v3.10.6
21 error code ELIFECYCLE
22 error passportauthentication@0.0.0 start: `node ./bin/www`
22 error Exit status 1
23 error Failed at the passportauthentication@0.0.0 start script 'node ./bin/www'.
23 error Make sure you have the latest version of node.js and npm installed.
23 error If you do, this is most likely a problem with the passportauthentication package,
23 error not with npm itself.
23 error Tell the author that this fails on your system:
23 error     node ./bin/www
23 error You can get information on how to open an issue for this project with:
23 error     npm bugs passportauthentication
23 error Or if that isn't available, you can get their info via:
23 error     npm owner ls passportauthentication
23 error There is likely additional logging output above.
24 verbose exit [ 1, true ]
